{"/Users/hayoon/Desktop/codeit/5-sprint-mission-be/src/domains/articles/article.service.ts": {"path":"/Users/hayoon/Desktop/codeit/5-sprint-mission-be/src/domains/articles/article.service.ts","statementMap":{"0":{"start":{"line":1,"column":0},"end":{"line":1,"column":54}},"1":{"start":{"line":2,"column":0},"end":{"line":2,"column":null}},"2":{"start":{"line":6,"column":0},"end":{"line":6,"column":null}},"3":{"start":{"line":10,"column":0},"end":{"line":10,"column":null}},"4":{"start":{"line":16,"column":15},"end":{"line":16,"column":33}},"5":{"start":{"line":19,"column":22},"end":{"line":43,"column":1}},"6":{"start":{"line":24,"column":18},"end":{"line":31,"column":4}},"7":{"start":{"line":34,"column":15},"end":{"line":40,"column":4}},"8":{"start":{"line":42,"column":2},"end":{"line":42,"column":56}},"9":{"start":{"line":330,"column":2},"end":{"line":330,"column":15}},"10":{"start":{"line":46,"column":20},"end":{"line":140,"column":1}},"11":{"start":{"line":54,"column":18},"end":{"line":54,"column":27}},"12":{"start":{"line":55,"column":19},"end":{"line":55,"column":30}},"13":{"start":{"line":58,"column":42},"end":{"line":61,"column":4}},"14":{"start":{"line":65,"column":4},"end":{"line":67,"column":38}},"15":{"start":{"line":70,"column":25},"end":{"line":70,"column":66}},"16":{"start":{"line":73,"column":19},"end":{"line":78,"column":4}},"17":{"start":{"line":81,"column":18},"end":{"line":81,"column":73}},"18":{"start":{"line":81,"column":56},"end":{"line":81,"column":70}},"19":{"start":{"line":82,"column":16},"end":{"line":90,"column":4}},"20":{"start":{"line":93,"column":18},"end":{"line":93,"column":27}},"21":{"start":{"line":94,"column":2},"end":{"line":96,"column":5}},"22":{"start":{"line":95,"column":4},"end":{"line":95,"column":31}},"23":{"start":{"line":99,"column":26},"end":{"line":111,"column":4}},"24":{"start":{"line":100,"column":19},"end":{"line":100,"column":46}},"25":{"start":{"line":101,"column":4},"end":{"line":110,"column":6}},"26":{"start":{"line":114,"column":2},"end":{"line":133,"column":3}},"27":{"start":{"line":115,"column":22},"end":{"line":123,"column":6}},"28":{"start":{"line":118,"column":51},"end":{"line":118,"column":61}},"29":{"start":{"line":126,"column":31},"end":{"line":127,"column":null}},"30":{"start":{"line":127,"column":29},"end":{"line":127,"column":42}},"31":{"start":{"line":129,"column":4},"end":{"line":132,"column":6}},"32":{"start":{"line":135,"column":16},"end":{"line":135,"column":53}},"33":{"start":{"line":136,"column":2},"end":{"line":139,"column":4}},"34":{"start":{"line":331,"column":2},"end":{"line":331,"column":13}},"35":{"start":{"line":143,"column":23},"end":{"line":172,"column":1}},"36":{"start":{"line":144,"column":18},"end":{"line":146,"column":4}},"37":{"start":{"line":148,"column":2},"end":{"line":148,"column":28}},"38":{"start":{"line":148,"column":16},"end":{"line":148,"column":28}},"39":{"start":{"line":151,"column":15},"end":{"line":157,"column":4}},"40":{"start":{"line":160,"column":19},"end":{"line":160,"column":24}},"41":{"start":{"line":161,"column":2},"end":{"line":169,"column":3}},"42":{"start":{"line":162,"column":21},"end":{"line":167,"column":6}},"43":{"start":{"line":168,"column":4},"end":{"line":168,"column":28}},"44":{"start":{"line":171,"column":2},"end":{"line":171,"column":61}},"45":{"start":{"line":332,"column":2},"end":{"line":332,"column":16}},"46":{"start":{"line":175,"column":22},"end":{"line":224,"column":1}},"47":{"start":{"line":182,"column":18},"end":{"line":184,"column":4}},"48":{"start":{"line":187,"column":2},"end":{"line":192,"column":3}},"49":{"start":{"line":188,"column":4},"end":{"line":188,"column":55}},"50":{"start":{"line":191,"column":4},"end":{"line":191,"column":40}},"51":{"start":{"line":194,"column":25},"end":{"line":200,"column":4}},"52":{"start":{"line":203,"column":15},"end":{"line":209,"column":4}},"53":{"start":{"line":212,"column":19},"end":{"line":212,"column":24}},"54":{"start":{"line":213,"column":2},"end":{"line":221,"column":3}},"55":{"start":{"line":214,"column":21},"end":{"line":219,"column":6}},"56":{"start":{"line":220,"column":4},"end":{"line":220,"column":28}},"57":{"start":{"line":223,"column":2},"end":{"line":223,"column":68}},"58":{"start":{"line":333,"column":2},"end":{"line":333,"column":15}},"59":{"start":{"line":227,"column":22},"end":{"line":239,"column":1}},"60":{"start":{"line":229,"column":18},"end":{"line":231,"column":4}},"61":{"start":{"line":234,"column":2},"end":{"line":234,"column":53}},"62":{"start":{"line":236,"column":2},"end":{"line":238,"column":5}},"63":{"start":{"line":334,"column":2},"end":{"line":334,"column":15}},"64":{"start":{"line":242,"column":20},"end":{"line":277,"column":1}},"65":{"start":{"line":244,"column":2},"end":{"line":276,"column":5}},"66":{"start":{"line":246,"column":20},"end":{"line":248,"column":6}},"67":{"start":{"line":250,"column":4},"end":{"line":250,"column":40}},"68":{"start":{"line":253,"column":4},"end":{"line":258,"column":7}},"69":{"start":{"line":261,"column":27},"end":{"line":264,"column":6}},"70":{"start":{"line":267,"column":17},"end":{"line":273,"column":6}},"71":{"start":{"line":275,"column":4},"end":{"line":275,"column":64}},"72":{"start":{"line":335,"column":2},"end":{"line":335,"column":13}},"73":{"start":{"line":280,"column":23},"end":{"line":315,"column":1}},"74":{"start":{"line":282,"column":2},"end":{"line":314,"column":5}},"75":{"start":{"line":284,"column":20},"end":{"line":286,"column":6}},"76":{"start":{"line":288,"column":4},"end":{"line":288,"column":40}},"77":{"start":{"line":291,"column":4},"end":{"line":296,"column":7}},"78":{"start":{"line":299,"column":27},"end":{"line":302,"column":6}},"79":{"start":{"line":305,"column":17},"end":{"line":311,"column":6}},"80":{"start":{"line":313,"column":4},"end":{"line":313,"column":65}},"81":{"start":{"line":336,"column":2},"end":{"line":336,"column":16}},"82":{"start":{"line":318,"column":22},"end":{"line":327,"column":1}},"83":{"start":{"line":319,"column":19},"end":{"line":324,"column":4}},"84":{"start":{"line":326,"column":2},"end":{"line":326,"column":20}},"85":{"start":{"line":337,"column":2},"end":{"line":337,"column":15}}},"fnMap":{"0":{"name":"(anonymous_0)","decl":{"start":{"line":19,"column":22},"end":{"line":19,"column":27}},"loc":{"start":{"line":23,"column":4},"end":{"line":43,"column":1}}},"1":{"name":"(anonymous_1)","decl":{"start":{"line":46,"column":20},"end":{"line":46,"column":25}},"loc":{"start":{"line":52,"column":4},"end":{"line":140,"column":1}}},"2":{"name":"(anonymous_2)","decl":{"start":{"line":81,"column":43},"end":{"line":81,"column":44}},"loc":{"start":{"line":81,"column":56},"end":{"line":81,"column":70}}},"3":{"name":"(anonymous_3)","decl":{"start":{"line":94,"column":16},"end":{"line":94,"column":17}},"loc":{"start":{"line":94,"column":25},"end":{"line":96,"column":3}}},"4":{"name":"(anonymous_4)","decl":{"start":{"line":99,"column":39},"end":{"line":99,"column":40}},"loc":{"start":{"line":99,"column":51},"end":{"line":111,"column":3}}},"5":{"name":"(anonymous_5)","decl":{"start":{"line":118,"column":38},"end":{"line":118,"column":39}},"loc":{"start":{"line":118,"column":51},"end":{"line":118,"column":61}}},"6":{"name":"(anonymous_6)","decl":{"start":{"line":127,"column":20},"end":{"line":127,"column":21}},"loc":{"start":{"line":127,"column":29},"end":{"line":127,"column":42}}},"7":{"name":"(anonymous_7)","decl":{"start":{"line":143,"column":23},"end":{"line":143,"column":28}},"loc":{"start":{"line":143,"column":74},"end":{"line":172,"column":1}}},"8":{"name":"(anonymous_8)","decl":{"start":{"line":175,"column":22},"end":{"line":175,"column":27}},"loc":{"start":{"line":180,"column":4},"end":{"line":224,"column":1}}},"9":{"name":"(anonymous_9)","decl":{"start":{"line":227,"column":22},"end":{"line":227,"column":27}},"loc":{"start":{"line":227,"column":59},"end":{"line":239,"column":1}}},"10":{"name":"(anonymous_10)","decl":{"start":{"line":242,"column":20},"end":{"line":242,"column":25}},"loc":{"start":{"line":242,"column":64},"end":{"line":277,"column":1}}},"11":{"name":"(anonymous_11)","decl":{"start":{"line":244,"column":35},"end":{"line":244,"column":40}},"loc":{"start":{"line":244,"column":48},"end":{"line":276,"column":3}}},"12":{"name":"(anonymous_12)","decl":{"start":{"line":280,"column":23},"end":{"line":280,"column":28}},"loc":{"start":{"line":280,"column":67},"end":{"line":315,"column":1}}},"13":{"name":"(anonymous_13)","decl":{"start":{"line":282,"column":35},"end":{"line":282,"column":40}},"loc":{"start":{"line":282,"column":48},"end":{"line":314,"column":3}}},"14":{"name":"(anonymous_14)","decl":{"start":{"line":318,"column":22},"end":{"line":318,"column":27}},"loc":{"start":{"line":318,"column":66},"end":{"line":327,"column":1}}}},"branchMap":{"0":{"loc":{"start":{"line":50,"column":2},"end":{"line":50,"column":19}},"type":"default-arg","locations":[{"start":{"line":50,"column":11},"end":{"line":50,"column":19}}]},"1":{"loc":{"start":{"line":51,"column":2},"end":{"line":51,"column":30}},"type":"default-arg","locations":[{"start":{"line":51,"column":26},"end":{"line":51,"column":30}}]},"2":{"loc":{"start":{"line":54,"column":18},"end":{"line":54,"column":27}},"type":"binary-expr","locations":[{"start":{"line":54,"column":18},"end":{"line":54,"column":22}},{"start":{"line":54,"column":26},"end":{"line":54,"column":27}}]},"3":{"loc":{"start":{"line":55,"column":19},"end":{"line":55,"column":30}},"type":"binary-expr","locations":[{"start":{"line":55,"column":19},"end":{"line":55,"column":24}},{"start":{"line":55,"column":28},"end":{"line":55,"column":30}}]},"4":{"loc":{"start":{"line":65,"column":4},"end":{"line":67,"column":38}},"type":"cond-expr","locations":[{"start":{"line":66,"column":8},"end":{"line":66,"column":42}},{"start":{"line":67,"column":8},"end":{"line":67,"column":38}}]},"5":{"loc":{"start":{"line":103,"column":14},"end":{"line":108,"column":14}},"type":"cond-expr","locations":[{"start":{"line":104,"column":10},"end":{"line":107,"column":null}},{"start":{"line":108,"column":10},"end":{"line":108,"column":14}}]},"6":{"loc":{"start":{"line":106,"column":22},"end":{"line":106,"column":45}},"type":"binary-expr","locations":[{"start":{"line":106,"column":22},"end":{"line":106,"column":37}},{"start":{"line":106,"column":41},"end":{"line":106,"column":45}}]},"7":{"loc":{"start":{"line":114,"column":2},"end":{"line":133,"column":3}},"type":"if","locations":[{"start":{"line":114,"column":2},"end":{"line":133,"column":3}}]},"8":{"loc":{"start":{"line":143,"column":42},"end":{"line":143,"column":70}},"type":"default-arg","locations":[{"start":{"line":143,"column":66},"end":{"line":143,"column":70}}]},"9":{"loc":{"start":{"line":148,"column":2},"end":{"line":148,"column":28}},"type":"if","locations":[{"start":{"line":148,"column":2},"end":{"line":148,"column":28}}]},"10":{"loc":{"start":{"line":161,"column":2},"end":{"line":169,"column":3}},"type":"if","locations":[{"start":{"line":161,"column":2},"end":{"line":169,"column":3}}]},"11":{"loc":{"start":{"line":179,"column":2},"end":{"line":179,"column":30}},"type":"default-arg","locations":[{"start":{"line":179,"column":26},"end":{"line":179,"column":30}}]},"12":{"loc":{"start":{"line":187,"column":2},"end":{"line":192,"column":3}},"type":"if","locations":[{"start":{"line":187,"column":2},"end":{"line":192,"column":3}},{"start":{"line":189,"column":9},"end":{"line":192,"column":3}}]},"13":{"loc":{"start":{"line":213,"column":2},"end":{"line":221,"column":3}},"type":"if","locations":[{"start":{"line":213,"column":2},"end":{"line":221,"column":3}}]}},"s":{"0":1,"1":1,"2":1,"3":1,"4":1,"5":1,"6":1,"7":1,"8":1,"9":1,"10":1,"11":2,"12":2,"13":2,"14":2,"15":2,"16":2,"17":2,"18":2,"19":2,"20":2,"21":2,"22":2,"23":2,"24":2,"25":2,"26":2,"27":1,"28":2,"29":1,"30":1,"31":1,"32":2,"33":2,"34":1,"35":1,"36":2,"37":2,"38":1,"39":1,"40":1,"41":1,"42":1,"43":1,"44":1,"45":1,"46":1,"47":2,"48":2,"49":2,"50":0,"51":1,"52":1,"53":1,"54":1,"55":1,"56":1,"57":1,"58":1,"59":1,"60":0,"61":0,"62":0,"63":1,"64":1,"65":1,"66":1,"67":1,"68":1,"69":1,"70":1,"71":1,"72":1,"73":1,"74":0,"75":0,"76":0,"77":0,"78":0,"79":0,"80":0,"81":1,"82":1,"83":0,"84":0,"85":1},"f":{"0":1,"1":2,"2":2,"3":2,"4":2,"5":2,"6":1,"7":2,"8":2,"9":0,"10":1,"11":1,"12":0,"13":0,"14":0},"b":{"0":[0],"1":[0],"2":[2,0],"3":[2,0],"4":[0,2],"5":[2,0],"6":[2,0],"7":[1],"8":[1],"9":[1],"10":[1],"11":[0],"12":[2,0],"13":[1]}}
,"/Users/hayoon/Desktop/codeit/5-sprint-mission-be/src/domains/auth/auth.controller.ts": {"path":"/Users/hayoon/Desktop/codeit/5-sprint-mission-be/src/domains/auth/auth.controller.ts","statementMap":{"0":{"start":{"line":2,"column":0},"end":{"line":2,"column":46}},"1":{"start":{"line":3,"column":0},"end":{"line":3,"column":72}},"2":{"start":{"line":9,"column":38},"end":{"line":27,"column":1}},"3":{"start":{"line":10,"column":2},"end":{"line":26,"column":3}},"4":{"start":{"line":11,"column":42},"end":{"line":11,"column":50}},"5":{"start":{"line":14,"column":17},"end":{"line":18,"column":6}},"6":{"start":{"line":20,"column":4},"end":{"line":23,"column":7}},"7":{"start":{"line":25,"column":4},"end":{"line":25,"column":28}},"8":{"start":{"line":9,"column":13},"end":{"line":9,"column":38}},"9":{"start":{"line":32,"column":38},"end":{"line":58,"column":1}},"10":{"start":{"line":33,"column":2},"end":{"line":57,"column":3}},"11":{"start":{"line":34,"column":32},"end":{"line":34,"column":40}},"12":{"start":{"line":37,"column":48},"end":{"line":40,"column":6}},"13":{"start":{"line":43,"column":4},"end":{"line":47,"column":7}},"14":{"start":{"line":49,"column":4},"end":{"line":54,"column":7}},"15":{"start":{"line":56,"column":4},"end":{"line":56,"column":28}},"16":{"start":{"line":32,"column":13},"end":{"line":32,"column":38}},"17":{"start":{"line":69,"column":44},"end":{"line":102,"column":1}},"18":{"start":{"line":73,"column":2},"end":{"line":101,"column":3}},"19":{"start":{"line":74,"column":21},"end":{"line":74,"column":47}},"20":{"start":{"line":75,"column":18},"end":{"line":75,"column":72}},"21":{"start":{"line":77,"column":4},"end":{"line":80,"column":5}},"22":{"start":{"line":78,"column":6},"end":{"line":78,"column":59}},"23":{"start":{"line":79,"column":6},"end":{"line":79,"column":13}},"24":{"start":{"line":83,"column":42},"end":{"line":84,"column":null}},"25":{"start":{"line":88,"column":4},"end":{"line":92,"column":7}},"26":{"start":{"line":94,"column":4},"end":{"line":98,"column":7}},"27":{"start":{"line":100,"column":4},"end":{"line":100,"column":28}},"28":{"start":{"line":69,"column":13},"end":{"line":69,"column":44}}},"fnMap":{"0":{"name":"(anonymous_10)","decl":{"start":{"line":9,"column":38},"end":{"line":9,"column":43}},"loc":{"start":{"line":9,"column":76},"end":{"line":27,"column":1}}},"1":{"name":"(anonymous_11)","decl":{"start":{"line":32,"column":38},"end":{"line":32,"column":43}},"loc":{"start":{"line":32,"column":76},"end":{"line":58,"column":1}}},"2":{"name":"(anonymous_12)","decl":{"start":{"line":69,"column":44},"end":{"line":69,"column":49}},"loc":{"start":{"line":72,"column":4},"end":{"line":102,"column":1}}}},"branchMap":{"0":{"loc":{"start":{"line":75,"column":18},"end":{"line":75,"column":72}},"type":"binary-expr","locations":[{"start":{"line":75,"column":18},"end":{"line":75,"column":47}},{"start":{"line":75,"column":51},"end":{"line":75,"column":72}}]},"1":{"loc":{"start":{"line":77,"column":4},"end":{"line":80,"column":5}},"type":"if","locations":[{"start":{"line":77,"column":4},"end":{"line":80,"column":5}}]}},"s":{"0":1,"1":1,"2":1,"3":2,"4":2,"5":2,"6":1,"7":1,"8":1,"9":1,"10":2,"11":2,"12":2,"13":1,"14":1,"15":1,"16":1,"17":1,"18":4,"19":4,"20":4,"21":4,"22":1,"23":1,"24":3,"25":2,"26":2,"27":1,"28":1},"f":{"0":2,"1":2,"2":4},"b":{"0":[4,2],"1":[1]}}
,"/Users/hayoon/Desktop/codeit/5-sprint-mission-be/src/domains/auth/auth.service.ts": {"path":"/Users/hayoon/Desktop/codeit/5-sprint-mission-be/src/domains/auth/auth.service.ts","statementMap":{"0":{"start":{"line":1,"column":0},"end":{"line":1,"column":46}},"1":{"start":{"line":2,"column":0},"end":{"line":2,"column":28}},"2":{"start":{"line":3,"column":0},"end":{"line":3,"column":31}},"3":{"start":{"line":5,"column":0},"end":{"line":5,"column":null}},"4":{"start":{"line":11,"column":15},"end":{"line":11,"column":33}},"5":{"start":{"line":42,"column":24},"end":{"line":70,"column":1}},"6":{"start":{"line":43,"column":40},"end":{"line":43,"column":48}},"7":{"start":{"line":46,"column":23},"end":{"line":48,"column":4}},"8":{"start":{"line":50,"column":2},"end":{"line":52,"column":3}},"9":{"start":{"line":51,"column":4},"end":{"line":51,"column":64}},"10":{"start":{"line":55,"column":21},"end":{"line":55,"column":23}},"11":{"start":{"line":56,"column":28},"end":{"line":56,"column":67}},"12":{"start":{"line":59,"column":18},"end":{"line":65,"column":4}},"13":{"start":{"line":68,"column":59},"end":{"line":68,"column":66}},"14":{"start":{"line":69,"column":2},"end":{"line":69,"column":29}},"15":{"start":{"line":42,"column":13},"end":{"line":42,"column":24}},"16":{"start":{"line":75,"column":21},"end":{"line":120,"column":1}},"17":{"start":{"line":78,"column":30},"end":{"line":78,"column":41}},"18":{"start":{"line":81,"column":15},"end":{"line":83,"column":4}},"19":{"start":{"line":85,"column":2},"end":{"line":87,"column":3}},"20":{"start":{"line":86,"column":4},"end":{"line":86,"column":55}},"21":{"start":{"line":90,"column":26},"end":{"line":92,"column":null}},"22":{"start":{"line":95,"column":2},"end":{"line":97,"column":3}},"23":{"start":{"line":96,"column":4},"end":{"line":96,"column":55}},"24":{"start":{"line":100,"column":22},"end":{"line":103,"column":null}},"25":{"start":{"line":106,"column":23},"end":{"line":109,"column":null}},"26":{"start":{"line":113,"column":59},"end":{"line":113,"column":63}},"27":{"start":{"line":115,"column":2},"end":{"line":119,"column":4}},"28":{"start":{"line":75,"column":13},"end":{"line":75,"column":21}},"29":{"start":{"line":125,"column":34},"end":{"line":178,"column":1}},"30":{"start":{"line":128,"column":2},"end":{"line":130,"column":3}},"31":{"start":{"line":129,"column":4},"end":{"line":129,"column":46}},"32":{"start":{"line":132,"column":2},"end":{"line":177,"column":3}},"33":{"start":{"line":134,"column":20},"end":{"line":136,"column":null}},"34":{"start":{"line":139,"column":4},"end":{"line":141,"column":5}},"35":{"start":{"line":140,"column":6},"end":{"line":140,"column":48}},"36":{"start":{"line":144,"column":17},"end":{"line":146,"column":6}},"37":{"start":{"line":148,"column":4},"end":{"line":150,"column":5}},"38":{"start":{"line":149,"column":6},"end":{"line":149,"column":45}},"39":{"start":{"line":153,"column":27},"end":{"line":156,"column":null}},"40":{"start":{"line":160,"column":28},"end":{"line":163,"column":null}},"41":{"start":{"line":166,"column":4},"end":{"line":166,"column":74}},"42":{"start":{"line":168,"column":4},"end":{"line":175,"column":5}},"43":{"start":{"line":169,"column":6},"end":{"line":174,"column":7}},"44":{"start":{"line":173,"column":8},"end":{"line":173,"column":55}},"45":{"start":{"line":176,"column":4},"end":{"line":176,"column":16}},"46":{"start":{"line":125,"column":13},"end":{"line":125,"column":34}}},"fnMap":{"0":{"name":"(anonymous_1)","decl":{"start":{"line":42,"column":24},"end":{"line":42,"column":29}},"loc":{"start":{"line":42,"column":76},"end":{"line":70,"column":1}}},"1":{"name":"(anonymous_2)","decl":{"start":{"line":75,"column":21},"end":{"line":75,"column":26}},"loc":{"start":{"line":77,"column":28},"end":{"line":120,"column":1}}},"2":{"name":"(anonymous_3)","decl":{"start":{"line":125,"column":34},"end":{"line":125,"column":39}},"loc":{"start":{"line":127,"column":42},"end":{"line":178,"column":1}}}},"branchMap":{"0":{"loc":{"start":{"line":50,"column":2},"end":{"line":52,"column":3}},"type":"if","locations":[{"start":{"line":50,"column":2},"end":{"line":52,"column":3}}]},"1":{"loc":{"start":{"line":85,"column":2},"end":{"line":87,"column":3}},"type":"if","locations":[{"start":{"line":85,"column":2},"end":{"line":87,"column":3}}]},"2":{"loc":{"start":{"line":95,"column":2},"end":{"line":97,"column":3}},"type":"if","locations":[{"start":{"line":95,"column":2},"end":{"line":97,"column":3}}]},"3":{"loc":{"start":{"line":128,"column":2},"end":{"line":130,"column":3}},"type":"if","locations":[{"start":{"line":128,"column":2},"end":{"line":130,"column":3}}]},"4":{"loc":{"start":{"line":139,"column":4},"end":{"line":141,"column":5}},"type":"if","locations":[{"start":{"line":139,"column":4},"end":{"line":141,"column":5}}]},"5":{"loc":{"start":{"line":148,"column":4},"end":{"line":150,"column":5}},"type":"if","locations":[{"start":{"line":148,"column":4},"end":{"line":150,"column":5}}]},"6":{"loc":{"start":{"line":168,"column":4},"end":{"line":175,"column":5}},"type":"if","locations":[{"start":{"line":168,"column":4},"end":{"line":175,"column":5}}]},"7":{"loc":{"start":{"line":169,"column":6},"end":{"line":174,"column":7}},"type":"if","locations":[{"start":{"line":169,"column":6},"end":{"line":174,"column":7}}]},"8":{"loc":{"start":{"line":170,"column":8},"end":{"line":171,"column":42}},"type":"binary-expr","locations":[{"start":{"line":170,"column":8},"end":{"line":170,"column":42}},{"start":{"line":171,"column":8},"end":{"line":171,"column":42}}]}},"s":{"0":2,"1":2,"2":2,"3":2,"4":2,"5":2,"6":2,"7":2,"8":2,"9":1,"10":1,"11":1,"12":1,"13":1,"14":1,"15":2,"16":2,"17":3,"18":3,"19":3,"20":1,"21":2,"22":2,"23":1,"24":1,"25":1,"26":1,"27":1,"28":2,"29":2,"30":6,"31":1,"32":5,"33":5,"34":3,"35":1,"36":2,"37":2,"38":1,"39":1,"40":1,"41":1,"42":4,"43":4,"44":2,"45":2,"46":2},"f":{"0":2,"1":3,"2":6},"b":{"0":[1],"1":[1],"2":[1],"3":[1],"4":[1],"5":[1],"6":[4],"7":[2],"8":[4,3]}}
,"/Users/hayoon/Desktop/codeit/5-sprint-mission-be/src/domains/comments/comment.service.ts": {"path":"/Users/hayoon/Desktop/codeit/5-sprint-mission-be/src/domains/comments/comment.service.ts","statementMap":{"0":{"start":{"line":1,"column":0},"end":{"line":1,"column":46}},"1":{"start":{"line":2,"column":0},"end":{"line":2,"column":73}},"2":{"start":{"line":4,"column":15},"end":{"line":4,"column":33}},"3":{"start":{"line":22,"column":36},"end":{"line":54,"column":1}},"4":{"start":{"line":27,"column":18},"end":{"line":29,"column":4}},"5":{"start":{"line":31,"column":2},"end":{"line":33,"column":3}},"6":{"start":{"line":32,"column":4},"end":{"line":32,"column":43}},"7":{"start":{"line":35,"column":2},"end":{"line":53,"column":5}},"8":{"start":{"line":22,"column":13},"end":{"line":22,"column":36}},"9":{"start":{"line":56,"column":36},"end":{"line":88,"column":1}},"10":{"start":{"line":61,"column":18},"end":{"line":63,"column":4}},"11":{"start":{"line":65,"column":2},"end":{"line":67,"column":3}},"12":{"start":{"line":66,"column":4},"end":{"line":66,"column":42}},"13":{"start":{"line":69,"column":2},"end":{"line":87,"column":5}},"14":{"start":{"line":56,"column":13},"end":{"line":56,"column":36}},"15":{"start":{"line":90,"column":34},"end":{"line":138,"column":1}},"16":{"start":{"line":95,"column":18},"end":{"line":97,"column":4}},"17":{"start":{"line":99,"column":2},"end":{"line":101,"column":3}},"18":{"start":{"line":100,"column":4},"end":{"line":100,"column":43}},"19":{"start":{"line":103,"column":19},"end":{"line":129,"column":4}},"20":{"start":{"line":131,"column":22},"end":{"line":131,"column":45}},"21":{"start":{"line":132,"column":21},"end":{"line":132,"column":68}},"22":{"start":{"line":134,"column":2},"end":{"line":137,"column":4}},"23":{"start":{"line":90,"column":13},"end":{"line":90,"column":34}},"24":{"start":{"line":140,"column":34},"end":{"line":188,"column":1}},"25":{"start":{"line":145,"column":18},"end":{"line":147,"column":4}},"26":{"start":{"line":149,"column":2},"end":{"line":151,"column":3}},"27":{"start":{"line":150,"column":4},"end":{"line":150,"column":42}},"28":{"start":{"line":153,"column":19},"end":{"line":179,"column":4}},"29":{"start":{"line":181,"column":22},"end":{"line":181,"column":45}},"30":{"start":{"line":182,"column":21},"end":{"line":182,"column":68}},"31":{"start":{"line":184,"column":2},"end":{"line":187,"column":4}},"32":{"start":{"line":140,"column":13},"end":{"line":140,"column":34}},"33":{"start":{"line":190,"column":29},"end":{"line":223,"column":1}},"34":{"start":{"line":195,"column":18},"end":{"line":197,"column":4}},"35":{"start":{"line":199,"column":2},"end":{"line":201,"column":3}},"36":{"start":{"line":200,"column":4},"end":{"line":200,"column":42}},"37":{"start":{"line":203,"column":2},"end":{"line":205,"column":3}},"38":{"start":{"line":204,"column":4},"end":{"line":204,"column":46}},"39":{"start":{"line":207,"column":2},"end":{"line":222,"column":5}},"40":{"start":{"line":190,"column":13},"end":{"line":190,"column":29}},"41":{"start":{"line":225,"column":29},"end":{"line":244,"column":1}},"42":{"start":{"line":229,"column":18},"end":{"line":231,"column":4}},"43":{"start":{"line":233,"column":2},"end":{"line":235,"column":3}},"44":{"start":{"line":234,"column":4},"end":{"line":234,"column":42}},"45":{"start":{"line":237,"column":2},"end":{"line":239,"column":3}},"46":{"start":{"line":238,"column":4},"end":{"line":238,"column":46}},"47":{"start":{"line":241,"column":2},"end":{"line":243,"column":5}},"48":{"start":{"line":225,"column":13},"end":{"line":225,"column":29}}},"fnMap":{"0":{"name":"(anonymous_0)","decl":{"start":{"line":22,"column":36},"end":{"line":22,"column":41}},"loc":{"start":{"line":26,"column":28},"end":{"line":54,"column":1}}},"1":{"name":"(anonymous_1)","decl":{"start":{"line":56,"column":36},"end":{"line":56,"column":41}},"loc":{"start":{"line":60,"column":28},"end":{"line":88,"column":1}}},"2":{"name":"(anonymous_2)","decl":{"start":{"line":90,"column":34},"end":{"line":90,"column":39}},"loc":{"start":{"line":94,"column":29},"end":{"line":138,"column":1}}},"3":{"name":"(anonymous_3)","decl":{"start":{"line":140,"column":34},"end":{"line":140,"column":39}},"loc":{"start":{"line":144,"column":29},"end":{"line":188,"column":1}}},"4":{"name":"(anonymous_4)","decl":{"start":{"line":190,"column":29},"end":{"line":190,"column":34}},"loc":{"start":{"line":194,"column":28},"end":{"line":223,"column":1}}},"5":{"name":"(anonymous_5)","decl":{"start":{"line":225,"column":29},"end":{"line":225,"column":34}},"loc":{"start":{"line":228,"column":19},"end":{"line":244,"column":1}}}},"branchMap":{"0":{"loc":{"start":{"line":31,"column":2},"end":{"line":33,"column":3}},"type":"if","locations":[{"start":{"line":31,"column":2},"end":{"line":33,"column":3}}]},"1":{"loc":{"start":{"line":65,"column":2},"end":{"line":67,"column":3}},"type":"if","locations":[{"start":{"line":65,"column":2},"end":{"line":67,"column":3}}]},"2":{"loc":{"start":{"line":93,"column":2},"end":{"line":93,"column":20}},"type":"default-arg","locations":[{"start":{"line":93,"column":18},"end":{"line":93,"column":20}}]},"3":{"loc":{"start":{"line":99,"column":2},"end":{"line":101,"column":3}},"type":"if","locations":[{"start":{"line":99,"column":2},"end":{"line":101,"column":3}}]},"4":{"loc":{"start":{"line":111,"column":8},"end":{"line":116,"column":6}},"type":"binary-expr","locations":[{"start":{"line":111,"column":8},"end":{"line":111,"column":14}},{"start":{"line":111,"column":18},"end":{"line":116,"column":6}}]},"5":{"loc":{"start":{"line":132,"column":21},"end":{"line":132,"column":68}},"type":"cond-expr","locations":[{"start":{"line":132,"column":35},"end":{"line":132,"column":61}},{"start":{"line":132,"column":64},"end":{"line":132,"column":68}}]},"6":{"loc":{"start":{"line":132,"column":35},"end":{"line":132,"column":61}},"type":"binary-expr","locations":[{"start":{"line":132,"column":35},"end":{"line":132,"column":53}},{"start":{"line":132,"column":57},"end":{"line":132,"column":61}}]},"7":{"loc":{"start":{"line":143,"column":2},"end":{"line":143,"column":20}},"type":"default-arg","locations":[{"start":{"line":143,"column":18},"end":{"line":143,"column":20}}]},"8":{"loc":{"start":{"line":149,"column":2},"end":{"line":151,"column":3}},"type":"if","locations":[{"start":{"line":149,"column":2},"end":{"line":151,"column":3}}]},"9":{"loc":{"start":{"line":161,"column":8},"end":{"line":166,"column":6}},"type":"binary-expr","locations":[{"start":{"line":161,"column":8},"end":{"line":161,"column":14}},{"start":{"line":161,"column":18},"end":{"line":166,"column":6}}]},"10":{"loc":{"start":{"line":182,"column":21},"end":{"line":182,"column":68}},"type":"cond-expr","locations":[{"start":{"line":182,"column":35},"end":{"line":182,"column":61}},{"start":{"line":182,"column":64},"end":{"line":182,"column":68}}]},"11":{"loc":{"start":{"line":182,"column":35},"end":{"line":182,"column":61}},"type":"binary-expr","locations":[{"start":{"line":182,"column":35},"end":{"line":182,"column":53}},{"start":{"line":182,"column":57},"end":{"line":182,"column":61}}]},"12":{"loc":{"start":{"line":199,"column":2},"end":{"line":201,"column":3}},"type":"if","locations":[{"start":{"line":199,"column":2},"end":{"line":201,"column":3}}]},"13":{"loc":{"start":{"line":203,"column":2},"end":{"line":205,"column":3}},"type":"if","locations":[{"start":{"line":203,"column":2},"end":{"line":205,"column":3}}]},"14":{"loc":{"start":{"line":233,"column":2},"end":{"line":235,"column":3}},"type":"if","locations":[{"start":{"line":233,"column":2},"end":{"line":235,"column":3}}]},"15":{"loc":{"start":{"line":237,"column":2},"end":{"line":239,"column":3}},"type":"if","locations":[{"start":{"line":237,"column":2},"end":{"line":239,"column":3}}]}},"s":{"0":1,"1":1,"2":1,"3":1,"4":2,"5":2,"6":1,"7":1,"8":1,"9":1,"10":0,"11":0,"12":0,"13":0,"14":1,"15":1,"16":2,"17":2,"18":0,"19":2,"20":2,"21":2,"22":2,"23":1,"24":1,"25":0,"26":0,"27":0,"28":0,"29":0,"30":0,"31":0,"32":1,"33":1,"34":2,"35":2,"36":0,"37":2,"38":1,"39":1,"40":1,"41":1,"42":2,"43":2,"44":1,"45":1,"46":0,"47":1,"48":1},"f":{"0":2,"1":0,"2":2,"3":0,"4":2,"5":2},"b":{"0":[1],"1":[0],"2":[0],"3":[0],"4":[2,1],"5":[1,1],"6":[1,0],"7":[0],"8":[0],"9":[0,0],"10":[0,0],"11":[0,0],"12":[0],"13":[1],"14":[1],"15":[0]}}
,"/Users/hayoon/Desktop/codeit/5-sprint-mission-be/src/domains/products/product.service.ts": {"path":"/Users/hayoon/Desktop/codeit/5-sprint-mission-be/src/domains/products/product.service.ts","statementMap":{"0":{"start":{"line":1,"column":0},"end":{"line":1,"column":54}},"1":{"start":{"line":3,"column":0},"end":{"line":3,"column":null}},"2":{"start":{"line":8,"column":15},"end":{"line":8,"column":33}},"3":{"start":{"line":10,"column":22},"end":{"line":50,"column":1}},"4":{"start":{"line":18,"column":2},"end":{"line":18,"column":55}},"5":{"start":{"line":21,"column":15},"end":{"line":27,"column":4}},"6":{"start":{"line":29,"column":2},"end":{"line":31,"column":3}},"7":{"start":{"line":30,"column":4},"end":{"line":30,"column":39}},"8":{"start":{"line":33,"column":2},"end":{"line":33,"column":35}},"9":{"start":{"line":36,"column":18},"end":{"line":46,"column":4}},"10":{"start":{"line":49,"column":2},"end":{"line":49,"column":56}},"11":{"start":{"line":494,"column":2},"end":{"line":494,"column":15}},"12":{"start":{"line":52,"column":20},"end":{"line":168,"column":1}},"13":{"start":{"line":61,"column":4},"end":{"line":63,"column":53}},"14":{"start":{"line":66,"column":42},"end":{"line":66,"column":44}},"15":{"start":{"line":67,"column":2},"end":{"line":72,"column":3}},"16":{"start":{"line":68,"column":4},"end":{"line":71,"column":6}},"17":{"start":{"line":74,"column":19},"end":{"line":91,"column":4}},"18":{"start":{"line":94,"column":23},"end":{"line":100,"column":4}},"19":{"start":{"line":97,"column":26},"end":{"line":97,"column":40}},"20":{"start":{"line":98,"column":24},"end":{"line":98,"column":48}},"21":{"start":{"line":102,"column":2},"end":{"line":102,"column":60}},"22":{"start":{"line":105,"column":16},"end":{"line":113,"column":4}},"23":{"start":{"line":115,"column":18},"end":{"line":120,"column":8}},"24":{"start":{"line":118,"column":4},"end":{"line":118,"column":24}},"25":{"start":{"line":119,"column":4},"end":{"line":119,"column":15}},"26":{"start":{"line":123,"column":47},"end":{"line":123,"column":49}},"27":{"start":{"line":126,"column":2},"end":{"line":141,"column":5}},"28":{"start":{"line":129,"column":6},"end":{"line":133,"column":24}},"29":{"start":{"line":136,"column":6},"end":{"line":138,"column":57}},"30":{"start":{"line":140,"column":4},"end":{"line":140,"column":63}},"31":{"start":{"line":144,"column":2},"end":{"line":160,"column":3}},"32":{"start":{"line":145,"column":22},"end":{"line":153,"column":6}},"33":{"start":{"line":148,"column":51},"end":{"line":148,"column":61}},"34":{"start":{"line":155,"column":31},"end":{"line":155,"column":77}},"35":{"start":{"line":155,"column":62},"end":{"line":155,"column":75}},"36":{"start":{"line":156,"column":4},"end":{"line":159,"column":6}},"37":{"start":{"line":162,"column":16},"end":{"line":162,"column":53}},"38":{"start":{"line":164,"column":2},"end":{"line":167,"column":4}},"39":{"start":{"line":495,"column":2},"end":{"line":495,"column":13}},"40":{"start":{"line":170,"column":23},"end":{"line":229,"column":1}},"41":{"start":{"line":174,"column":18},"end":{"line":188,"column":4}},"42":{"start":{"line":190,"column":2},"end":{"line":190,"column":28}},"43":{"start":{"line":190,"column":16},"end":{"line":190,"column":28}},"44":{"start":{"line":192,"column":2},"end":{"line":192,"column":51}},"45":{"start":{"line":194,"column":18},"end":{"line":194,"column":66}},"46":{"start":{"line":197,"column":2},"end":{"line":213,"column":3}},"47":{"start":{"line":199,"column":17},"end":{"line":205,"column":6}},"48":{"start":{"line":208,"column":4},"end":{"line":210,"column":5}},"49":{"start":{"line":209,"column":6},"end":{"line":209,"column":23}},"50":{"start":{"line":212,"column":4},"end":{"line":212,"column":65}},"51":{"start":{"line":216,"column":19},"end":{"line":216,"column":24}},"52":{"start":{"line":217,"column":2},"end":{"line":225,"column":3}},"53":{"start":{"line":218,"column":21},"end":{"line":223,"column":6}},"54":{"start":{"line":224,"column":4},"end":{"line":224,"column":28}},"55":{"start":{"line":228,"column":2},"end":{"line":228,"column":66}},"56":{"start":{"line":496,"column":2},"end":{"line":496,"column":16}},"57":{"start":{"line":231,"column":22},"end":{"line":314,"column":1}},"58":{"start":{"line":240,"column":2},"end":{"line":240,"column":58}},"59":{"start":{"line":243,"column":23},"end":{"line":257,"column":4}},"60":{"start":{"line":259,"column":2},"end":{"line":261,"column":3}},"61":{"start":{"line":260,"column":4},"end":{"line":260,"column":38}},"62":{"start":{"line":263,"column":2},"end":{"line":263,"column":48}},"63":{"start":{"line":264,"column":2},"end":{"line":268,"column":5}},"64":{"start":{"line":272,"column":2},"end":{"line":274,"column":3}},"65":{"start":{"line":273,"column":4},"end":{"line":273,"column":41}},"66":{"start":{"line":277,"column":18},"end":{"line":289,"column":4}},"67":{"start":{"line":292,"column":15},"end":{"line":298,"column":4}},"68":{"start":{"line":301,"column":20},"end":{"line":301,"column":76}},"69":{"start":{"line":304,"column":19},"end":{"line":309,"column":4}},"70":{"start":{"line":310,"column":21},"end":{"line":310,"column":31}},"71":{"start":{"line":313,"column":2},"end":{"line":313,"column":66}},"72":{"start":{"line":497,"column":2},"end":{"line":497,"column":15}},"73":{"start":{"line":316,"column":22},"end":{"line":372,"column":1}},"74":{"start":{"line":321,"column":18},"end":{"line":335,"column":4}},"75":{"start":{"line":337,"column":2},"end":{"line":339,"column":3}},"76":{"start":{"line":338,"column":4},"end":{"line":338,"column":38}},"77":{"start":{"line":341,"column":2},"end":{"line":345,"column":5}},"78":{"start":{"line":349,"column":2},"end":{"line":351,"column":3}},"79":{"start":{"line":350,"column":4},"end":{"line":350,"column":41}},"80":{"start":{"line":354,"column":15},"end":{"line":360,"column":4}},"81":{"start":{"line":363,"column":20},"end":{"line":363,"column":76}},"82":{"start":{"line":366,"column":2},"end":{"line":368,"column":5}},"83":{"start":{"line":371,"column":2},"end":{"line":371,"column":61}},"84":{"start":{"line":498,"column":2},"end":{"line":498,"column":15}},"85":{"start":{"line":375,"column":20},"end":{"line":424,"column":1}},"86":{"start":{"line":380,"column":2},"end":{"line":423,"column":5}},"87":{"start":{"line":382,"column":4},"end":{"line":387,"column":7}},"88":{"start":{"line":390,"column":27},"end":{"line":405,"column":6}},"89":{"start":{"line":408,"column":17},"end":{"line":414,"column":6}},"90":{"start":{"line":417,"column":22},"end":{"line":420,"column":6}},"91":{"start":{"line":422,"column":4},"end":{"line":422,"column":69}},"92":{"start":{"line":499,"column":2},"end":{"line":499,"column":13}},"93":{"start":{"line":427,"column":23},"end":{"line":476,"column":1}},"94":{"start":{"line":432,"column":2},"end":{"line":475,"column":5}},"95":{"start":{"line":434,"column":4},"end":{"line":439,"column":7}},"96":{"start":{"line":442,"column":27},"end":{"line":457,"column":6}},"97":{"start":{"line":460,"column":17},"end":{"line":466,"column":6}},"98":{"start":{"line":469,"column":22},"end":{"line":472,"column":6}},"99":{"start":{"line":474,"column":4},"end":{"line":474,"column":70}},"100":{"start":{"line":500,"column":2},"end":{"line":500,"column":16}},"101":{"start":{"line":479,"column":22},"end":{"line":491,"column":1}},"102":{"start":{"line":483,"column":19},"end":{"line":488,"column":4}},"103":{"start":{"line":490,"column":2},"end":{"line":490,"column":20}},"104":{"start":{"line":501,"column":2},"end":{"line":501,"column":15}}},"fnMap":{"0":{"name":"(anonymous_0)","decl":{"start":{"line":10,"column":22},"end":{"line":10,"column":27}},"loc":{"start":{"line":17,"column":30},"end":{"line":50,"column":1}}},"1":{"name":"(anonymous_1)","decl":{"start":{"line":52,"column":20},"end":{"line":52,"column":25}},"loc":{"start":{"line":58,"column":62},"end":{"line":168,"column":1}}},"2":{"name":"(anonymous_2)","decl":{"start":{"line":97,"column":13},"end":{"line":97,"column":14}},"loc":{"start":{"line":97,"column":26},"end":{"line":97,"column":40}}},"3":{"name":"(anonymous_3)","decl":{"start":{"line":98,"column":16},"end":{"line":98,"column":17}},"loc":{"start":{"line":98,"column":24},"end":{"line":98,"column":48}}},"4":{"name":"(anonymous_4)","decl":{"start":{"line":117,"column":4},"end":{"line":117,"column":5}},"loc":{"start":{"line":117,"column":18},"end":{"line":120,"column":3}}},"5":{"name":"(anonymous_5)","decl":{"start":{"line":126,"column":37},"end":{"line":126,"column":38}},"loc":{"start":{"line":126,"column":49},"end":{"line":141,"column":3}}},"6":{"name":"(anonymous_6)","decl":{"start":{"line":148,"column":38},"end":{"line":148,"column":39}},"loc":{"start":{"line":148,"column":51},"end":{"line":148,"column":61}}},"7":{"name":"(anonymous_7)","decl":{"start":{"line":155,"column":53},"end":{"line":155,"column":54}},"loc":{"start":{"line":155,"column":62},"end":{"line":155,"column":75}}},"8":{"name":"(anonymous_8)","decl":{"start":{"line":170,"column":23},"end":{"line":170,"column":28}},"loc":{"start":{"line":173,"column":37},"end":{"line":229,"column":1}}},"9":{"name":"(anonymous_9)","decl":{"start":{"line":231,"column":22},"end":{"line":231,"column":27}},"loc":{"start":{"line":239,"column":30},"end":{"line":314,"column":1}}},"10":{"name":"(anonymous_10)","decl":{"start":{"line":316,"column":22},"end":{"line":316,"column":27}},"loc":{"start":{"line":319,"column":30},"end":{"line":372,"column":1}}},"11":{"name":"(anonymous_11)","decl":{"start":{"line":375,"column":20},"end":{"line":375,"column":25}},"loc":{"start":{"line":378,"column":30},"end":{"line":424,"column":1}}},"12":{"name":"(anonymous_12)","decl":{"start":{"line":380,"column":35},"end":{"line":380,"column":40}},"loc":{"start":{"line":380,"column":48},"end":{"line":423,"column":3}}},"13":{"name":"(anonymous_13)","decl":{"start":{"line":427,"column":23},"end":{"line":427,"column":28}},"loc":{"start":{"line":430,"column":30},"end":{"line":476,"column":1}}},"14":{"name":"(anonymous_14)","decl":{"start":{"line":432,"column":35},"end":{"line":432,"column":40}},"loc":{"start":{"line":432,"column":48},"end":{"line":475,"column":3}}},"15":{"name":"(anonymous_15)","decl":{"start":{"line":479,"column":22},"end":{"line":479,"column":27}},"loc":{"start":{"line":482,"column":22},"end":{"line":491,"column":1}}}},"branchMap":{"0":{"loc":{"start":{"line":29,"column":2},"end":{"line":31,"column":3}},"type":"if","locations":[{"start":{"line":29,"column":2},"end":{"line":31,"column":3}}]},"1":{"loc":{"start":{"line":53,"column":2},"end":{"line":53,"column":10}},"type":"default-arg","locations":[{"start":{"line":53,"column":9},"end":{"line":53,"column":10}}]},"2":{"loc":{"start":{"line":54,"column":2},"end":{"line":54,"column":15}},"type":"default-arg","locations":[{"start":{"line":54,"column":13},"end":{"line":54,"column":15}}]},"3":{"loc":{"start":{"line":55,"column":2},"end":{"line":55,"column":20}},"type":"default-arg","locations":[{"start":{"line":55,"column":12},"end":{"line":55,"column":20}}]},"4":{"loc":{"start":{"line":57,"column":2},"end":{"line":57,"column":30}},"type":"default-arg","locations":[{"start":{"line":57,"column":26},"end":{"line":57,"column":30}}]},"5":{"loc":{"start":{"line":61,"column":4},"end":{"line":63,"column":53}},"type":"cond-expr","locations":[{"start":{"line":62,"column":8},"end":{"line":62,"column":49}},{"start":{"line":63,"column":8},"end":{"line":63,"column":53}}]},"6":{"loc":{"start":{"line":67,"column":2},"end":{"line":72,"column":3}},"type":"if","locations":[{"start":{"line":67,"column":2},"end":{"line":72,"column":3}}]},"7":{"loc":{"start":{"line":98,"column":24},"end":{"line":98,"column":48}},"type":"binary-expr","locations":[{"start":{"line":98,"column":24},"end":{"line":98,"column":26}},{"start":{"line":98,"column":30},"end":{"line":98,"column":48}}]},"8":{"loc":{"start":{"line":129,"column":6},"end":{"line":133,"column":24}},"type":"cond-expr","locations":[{"start":{"line":132,"column":10},"end":{"line":132,"column":42}},{"start":{"line":133,"column":10},"end":{"line":133,"column":24}}]},"9":{"loc":{"start":{"line":129,"column":6},"end":{"line":131,"column":29}},"type":"binary-expr","locations":[{"start":{"line":129,"column":6},"end":{"line":129,"column":20}},{"start":{"line":130,"column":6},"end":{"line":130,"column":36}},{"start":{"line":131,"column":6},"end":{"line":131,"column":29}}]},"10":{"loc":{"start":{"line":136,"column":6},"end":{"line":138,"column":57}},"type":"cond-expr","locations":[{"start":{"line":137,"column":10},"end":{"line":137,"column":33}},{"start":{"line":138,"column":10},"end":{"line":138,"column":57}}]},"11":{"loc":{"start":{"line":136,"column":6},"end":{"line":136,"column":47}},"type":"binary-expr","locations":[{"start":{"line":136,"column":6},"end":{"line":136,"column":20}},{"start":{"line":136,"column":24},"end":{"line":136,"column":47}}]},"12":{"loc":{"start":{"line":144,"column":2},"end":{"line":160,"column":3}},"type":"if","locations":[{"start":{"line":144,"column":2},"end":{"line":160,"column":3}}]},"13":{"loc":{"start":{"line":172,"column":2},"end":{"line":172,"column":30}},"type":"default-arg","locations":[{"start":{"line":172,"column":26},"end":{"line":172,"column":30}}]},"14":{"loc":{"start":{"line":190,"column":2},"end":{"line":190,"column":28}},"type":"if","locations":[{"start":{"line":190,"column":2},"end":{"line":190,"column":28}}]},"15":{"loc":{"start":{"line":197,"column":2},"end":{"line":213,"column":3}},"type":"if","locations":[{"start":{"line":197,"column":2},"end":{"line":213,"column":3}},{"start":{"line":211,"column":9},"end":{"line":213,"column":3}}]},"16":{"loc":{"start":{"line":197,"column":6},"end":{"line":197,"column":54}},"type":"binary-expr","locations":[{"start":{"line":197,"column":6},"end":{"line":197,"column":20}},{"start":{"line":197,"column":24},"end":{"line":197,"column":54}}]},"17":{"loc":{"start":{"line":208,"column":4},"end":{"line":210,"column":5}},"type":"if","locations":[{"start":{"line":208,"column":4},"end":{"line":210,"column":5}}]},"18":{"loc":{"start":{"line":217,"column":2},"end":{"line":225,"column":3}},"type":"if","locations":[{"start":{"line":217,"column":2},"end":{"line":225,"column":3}}]},"19":{"loc":{"start":{"line":259,"column":2},"end":{"line":261,"column":3}},"type":"if","locations":[{"start":{"line":259,"column":2},"end":{"line":261,"column":3}}]},"20":{"loc":{"start":{"line":272,"column":2},"end":{"line":274,"column":3}},"type":"if","locations":[{"start":{"line":272,"column":2},"end":{"line":274,"column":3}}]},"21":{"loc":{"start":{"line":272,"column":6},"end":{"line":272,"column":75}},"type":"binary-expr","locations":[{"start":{"line":272,"column":6},"end":{"line":272,"column":36}},{"start":{"line":272,"column":40},"end":{"line":272,"column":75}}]},"22":{"loc":{"start":{"line":287,"column":8},"end":{"line":287,"column":74}},"type":"cond-expr","locations":[{"start":{"line":287,"column":46},"end":{"line":287,"column":52}},{"start":{"line":287,"column":55},"end":{"line":287,"column":74}}]},"23":{"loc":{"start":{"line":301,"column":20},"end":{"line":301,"column":76}},"type":"binary-expr","locations":[{"start":{"line":301,"column":20},"end":{"line":301,"column":24}},{"start":{"line":301,"column":28},"end":{"line":301,"column":76}}]},"24":{"loc":{"start":{"line":337,"column":2},"end":{"line":339,"column":3}},"type":"if","locations":[{"start":{"line":337,"column":2},"end":{"line":339,"column":3}}]},"25":{"loc":{"start":{"line":349,"column":2},"end":{"line":351,"column":3}},"type":"if","locations":[{"start":{"line":349,"column":2},"end":{"line":351,"column":3}}]},"26":{"loc":{"start":{"line":349,"column":6},"end":{"line":349,"column":65}},"type":"binary-expr","locations":[{"start":{"line":349,"column":6},"end":{"line":349,"column":31}},{"start":{"line":349,"column":35},"end":{"line":349,"column":65}}]},"27":{"loc":{"start":{"line":363,"column":20},"end":{"line":363,"column":76}},"type":"binary-expr","locations":[{"start":{"line":363,"column":20},"end":{"line":363,"column":24}},{"start":{"line":363,"column":28},"end":{"line":363,"column":76}}]},"28":{"loc":{"start":{"line":417,"column":22},"end":{"line":420,"column":6}},"type":"binary-expr","locations":[{"start":{"line":417,"column":22},"end":{"line":417,"column":26}},{"start":{"line":417,"column":30},"end":{"line":420,"column":6}}]},"29":{"loc":{"start":{"line":469,"column":22},"end":{"line":472,"column":6}},"type":"binary-expr","locations":[{"start":{"line":469,"column":22},"end":{"line":469,"column":26}},{"start":{"line":469,"column":30},"end":{"line":472,"column":6}}]}},"s":{"0":1,"1":1,"2":1,"3":1,"4":2,"5":2,"6":2,"7":1,"8":1,"9":1,"10":1,"11":1,"12":1,"13":1,"14":1,"15":1,"16":0,"17":1,"18":1,"19":1,"20":1,"21":1,"22":1,"23":1,"24":1,"25":1,"26":1,"27":1,"28":1,"29":1,"30":1,"31":1,"32":0,"33":0,"34":0,"35":0,"36":0,"37":1,"38":1,"39":1,"40":1,"41":3,"42":3,"43":1,"44":2,"45":2,"46":2,"47":2,"48":2,"49":2,"50":0,"51":2,"52":2,"53":1,"54":1,"55":2,"56":1,"57":1,"58":2,"59":2,"60":2,"61":0,"62":2,"63":2,"64":2,"65":1,"66":1,"67":1,"68":1,"69":1,"70":1,"71":1,"72":1,"73":1,"74":3,"75":3,"76":1,"77":2,"78":2,"79":1,"80":1,"81":1,"82":1,"83":1,"84":1,"85":1,"86":1,"87":1,"88":1,"89":1,"90":1,"91":1,"92":1,"93":1,"94":1,"95":1,"96":1,"97":1,"98":1,"99":1,"100":1,"101":1,"102":2,"103":2,"104":1},"f":{"0":2,"1":1,"2":1,"3":1,"4":1,"5":1,"6":0,"7":0,"8":3,"9":2,"10":3,"11":1,"12":1,"13":1,"14":1,"15":2},"b":{"0":[1],"1":[0],"2":[0],"3":[0],"4":[1],"5":[1,0],"6":[0],"7":[1,1],"8":[1,0],"9":[1,1,1],"10":[1,0],"11":[1,1],"12":[0],"13":[2],"14":[1],"15":[2,0],"16":[2,2],"17":[2],"18":[1],"19":[0],"20":[1],"21":[2,1],"22":[0,1],"23":[1,0],"24":[1],"25":[1],"26":[2,1],"27":[1,0],"28":[1,0],"29":[1,0]}}
,"/Users/hayoon/Desktop/codeit/5-sprint-mission-be/src/utils/authHelpers.ts": {"path":"/Users/hayoon/Desktop/codeit/5-sprint-mission-be/src/utils/authHelpers.ts","statementMap":{"0":{"start":{"line":15,"column":0},"end":{"line":15,"column":16}},"1":{"start":{"line":28,"column":0},"end":{"line":28,"column":16}},"2":{"start":{"line":44,"column":0},"end":{"line":44,"column":16}},"3":{"start":{"line":61,"column":0},"end":{"line":61,"column":16}},"4":{"start":{"line":4,"column":0},"end":{"line":4,"column":null}},"5":{"start":{"line":16,"column":2},"end":{"line":18,"column":3}},"6":{"start":{"line":17,"column":4},"end":{"line":17,"column":43}},"7":{"start":{"line":33,"column":2},"end":{"line":35,"column":3}},"8":{"start":{"line":34,"column":4},"end":{"line":34,"column":60}},"9":{"start":{"line":48,"column":2},"end":{"line":50,"column":3}},"10":{"start":{"line":49,"column":4},"end":{"line":49,"column":59}},"11":{"start":{"line":68,"column":2},"end":{"line":68,"column":36}},"12":{"start":{"line":71,"column":2},"end":{"line":71,"column":46}},"13":{"start":{"line":74,"column":2},"end":{"line":74,"column":71}}},"fnMap":{"0":{"name":"checkAuthenticated","decl":{"start":{"line":15,"column":16},"end":{"line":15,"column":34}},"loc":{"start":{"line":15,"column":50},"end":{"line":19,"column":1}}},"1":{"name":"checkOwnership","decl":{"start":{"line":28,"column":16},"end":{"line":28,"column":30}},"loc":{"start":{"line":31,"column":30},"end":{"line":36,"column":1}}},"2":{"name":"checkResourceExists","decl":{"start":{"line":44,"column":16},"end":{"line":44,"column":35}},"loc":{"start":{"line":46,"column":30},"end":{"line":51,"column":1}}},"3":{"name":"verifyPermission","decl":{"start":{"line":61,"column":16},"end":{"line":61,"column":32}},"loc":{"start":{"line":65,"column":30},"end":{"line":75,"column":1}}}},"branchMap":{"0":{"loc":{"start":{"line":16,"column":2},"end":{"line":18,"column":3}},"type":"if","locations":[{"start":{"line":16,"column":2},"end":{"line":18,"column":3}}]},"1":{"loc":{"start":{"line":31,"column":2},"end":{"line":31,"column":30}},"type":"default-arg","locations":[{"start":{"line":31,"column":25},"end":{"line":31,"column":30}}]},"2":{"loc":{"start":{"line":33,"column":2},"end":{"line":35,"column":3}},"type":"if","locations":[{"start":{"line":33,"column":2},"end":{"line":35,"column":3}}]},"3":{"loc":{"start":{"line":46,"column":2},"end":{"line":46,"column":30}},"type":"default-arg","locations":[{"start":{"line":46,"column":25},"end":{"line":46,"column":30}}]},"4":{"loc":{"start":{"line":48,"column":2},"end":{"line":50,"column":3}},"type":"if","locations":[{"start":{"line":48,"column":2},"end":{"line":50,"column":3}}]},"5":{"loc":{"start":{"line":64,"column":2},"end":{"line":64,"column":33}},"type":"default-arg","locations":[{"start":{"line":64,"column":25},"end":{"line":64,"column":33}}]},"6":{"loc":{"start":{"line":65,"column":2},"end":{"line":65,"column":30}},"type":"default-arg","locations":[{"start":{"line":65,"column":25},"end":{"line":65,"column":30}}]}},"s":{"0":1,"1":1,"2":1,"3":1,"4":1,"5":1,"6":0,"7":1,"8":0,"9":2,"10":0,"11":1,"12":1,"13":1},"f":{"0":1,"1":1,"2":2,"3":1},"b":{"0":[0],"1":[0],"2":[0],"3":[0],"4":[0],"5":[0],"6":[0]}}
,"/Users/hayoon/Desktop/codeit/5-sprint-mission-be/src/utils/errorHandler.ts": {"path":"/Users/hayoon/Desktop/codeit/5-sprint-mission-be/src/utils/errorHandler.ts","statementMap":{"0":{"start":{"line":11,"column":0},"end":{"line":11,"column":16}},"1":{"start":{"line":25,"column":0},"end":{"line":25,"column":16}},"2":{"start":{"line":73,"column":0},"end":{"line":73,"column":16}},"3":{"start":{"line":94,"column":0},"end":{"line":94,"column":16}},"4":{"start":{"line":103,"column":0},"end":{"line":103,"column":16}},"5":{"start":{"line":110,"column":0},"end":{"line":110,"column":16}},"6":{"start":{"line":117,"column":0},"end":{"line":117,"column":16}},"7":{"start":{"line":2,"column":0},"end":{"line":2,"column":79}},"8":{"start":{"line":16,"column":16},"end":{"line":16,"column":46}},"9":{"start":{"line":17,"column":2},"end":{"line":17,"column":32}},"10":{"start":{"line":18,"column":2},"end":{"line":18,"column":30}},"11":{"start":{"line":18,"column":12},"end":{"line":18,"column":30}},"12":{"start":{"line":19,"column":2},"end":{"line":19,"column":15}},"13":{"start":{"line":26,"column":2},"end":{"line":54,"column":3}},"14":{"start":{"line":28,"column":4},"end":{"line":53,"column":5}},"15":{"start":{"line":30,"column":8},"end":{"line":34,"column":10}},"16":{"start":{"line":36,"column":8},"end":{"line":40,"column":10}},"17":{"start":{"line":42,"column":8},"end":{"line":46,"column":10}},"18":{"start":{"line":48,"column":8},"end":{"line":52,"column":10}},"19":{"start":{"line":57,"column":2},"end":{"line":64,"column":3}},"20":{"start":{"line":58,"column":21},"end":{"line":58,"column":38}},"21":{"start":{"line":59,"column":4},"end":{"line":59,"column":45}},"22":{"start":{"line":59,"column":29},"end":{"line":59,"column":45}},"23":{"start":{"line":61,"column":4},"end":{"line":61,"column":30}},"24":{"start":{"line":62,"column":4},"end":{"line":62,"column":44}},"25":{"start":{"line":63,"column":4},"end":{"line":63,"column":20}},"26":{"start":{"line":67,"column":2},"end":{"line":67,"column":64}},"27":{"start":{"line":74,"column":19},"end":{"line":74,"column":43}},"28":{"start":{"line":77,"column":2},"end":{"line":86,"column":3}},"29":{"start":{"line":78,"column":23},"end":{"line":78,"column":49}},"30":{"start":{"line":79,"column":4},"end":{"line":85,"column":7}},"31":{"start":{"line":88,"column":2},"end":{"line":88,"column":18}},"32":{"start":{"line":97,"column":2},"end":{"line":97,"column":48}},"33":{"start":{"line":104,"column":2},"end":{"line":104,"column":51}},"34":{"start":{"line":111,"column":2},"end":{"line":111,"column":48}},"35":{"start":{"line":118,"column":2},"end":{"line":118,"column":50}},"36":{"start":{"line":121,"column":0},"end":{"line":121,"column":27}}},"fnMap":{"0":{"name":"createError","decl":{"start":{"line":11,"column":16},"end":{"line":11,"column":27}},"loc":{"start":{"line":14,"column":15},"end":{"line":20,"column":1}}},"1":{"name":"handlePrismaError","decl":{"start":{"line":25,"column":16},"end":{"line":25,"column":33}},"loc":{"start":{"line":25,"column":48},"end":{"line":68,"column":1}}},"2":{"name":"handleError","decl":{"start":{"line":73,"column":16},"end":{"line":73,"column":27}},"loc":{"start":{"line":73,"column":58},"end":{"line":89,"column":1}}},"3":{"name":"notFoundError","decl":{"start":{"line":94,"column":16},"end":{"line":94,"column":29}},"loc":{"start":{"line":95,"column":32},"end":{"line":98,"column":1}}},"4":{"name":"unauthorizedError","decl":{"start":{"line":103,"column":16},"end":{"line":103,"column":33}},"loc":{"start":{"line":103,"column":56},"end":{"line":105,"column":1}}},"5":{"name":"forbiddenError","decl":{"start":{"line":110,"column":16},"end":{"line":110,"column":30}},"loc":{"start":{"line":110,"column":51},"end":{"line":112,"column":1}}},"6":{"name":"badRequestError","decl":{"start":{"line":117,"column":16},"end":{"line":117,"column":31}},"loc":{"start":{"line":117,"column":53},"end":{"line":119,"column":1}}}},"branchMap":{"0":{"loc":{"start":{"line":13,"column":2},"end":{"line":13,"column":18}},"type":"default-arg","locations":[{"start":{"line":13,"column":15},"end":{"line":13,"column":18}}]},"1":{"loc":{"start":{"line":18,"column":2},"end":{"line":18,"column":30}},"type":"if","locations":[{"start":{"line":18,"column":2},"end":{"line":18,"column":30}}]},"2":{"loc":{"start":{"line":26,"column":2},"end":{"line":54,"column":3}},"type":"if","locations":[{"start":{"line":26,"column":2},"end":{"line":54,"column":3}}]},"3":{"loc":{"start":{"line":28,"column":4},"end":{"line":53,"column":5}},"type":"switch","locations":[{"start":{"line":29,"column":6},"end":{"line":34,"column":10}},{"start":{"line":35,"column":6},"end":{"line":40,"column":10}},{"start":{"line":41,"column":6},"end":{"line":46,"column":10}},{"start":{"line":47,"column":6},"end":{"line":52,"column":10}}]},"4":{"loc":{"start":{"line":31,"column":27},"end":{"line":31,"column":60}},"type":"binary-expr","locations":[{"start":{"line":31,"column":27},"end":{"line":31,"column":45}},{"start":{"line":31,"column":49},"end":{"line":31,"column":60}}]},"5":{"loc":{"start":{"line":37,"column":11},"end":{"line":37,"column":63}},"type":"binary-expr","locations":[{"start":{"line":37,"column":11},"end":{"line":37,"column":39}},{"start":{"line":37,"column":43},"end":{"line":37,"column":63}}]},"6":{"loc":{"start":{"line":57,"column":2},"end":{"line":64,"column":3}},"type":"if","locations":[{"start":{"line":57,"column":2},"end":{"line":64,"column":3}}]},"7":{"loc":{"start":{"line":59,"column":4},"end":{"line":59,"column":45}},"type":"if","locations":[{"start":{"line":59,"column":4},"end":{"line":59,"column":45}}]},"8":{"loc":{"start":{"line":77,"column":2},"end":{"line":86,"column":3}},"type":"if","locations":[{"start":{"line":77,"column":2},"end":{"line":86,"column":3}}]},"9":{"loc":{"start":{"line":78,"column":23},"end":{"line":78,"column":49}},"type":"binary-expr","locations":[{"start":{"line":78,"column":23},"end":{"line":78,"column":42}},{"start":{"line":78,"column":46},"end":{"line":78,"column":49}}]},"10":{"loc":{"start":{"line":82,"column":14},"end":{"line":82,"column":54}},"type":"binary-expr","locations":[{"start":{"line":82,"column":14},"end":{"line":82,"column":27}},{"start":{"line":82,"column":31},"end":{"line":82,"column":54}}]},"11":{"loc":{"start":{"line":83,"column":12},"end":{"line":83,"column":78}},"type":"binary-expr","locations":[{"start":{"line":83,"column":12},"end":{"line":83,"column":49}},{"start":{"line":83,"column":53},"end":{"line":83,"column":78}}]},"12":{"loc":{"start":{"line":95,"column":2},"end":{"line":95,"column":32}},"type":"default-arg","locations":[{"start":{"line":95,"column":12},"end":{"line":95,"column":32}}]},"13":{"loc":{"start":{"line":103,"column":34},"end":{"line":103,"column":56}},"type":"default-arg","locations":[{"start":{"line":103,"column":44},"end":{"line":103,"column":56}}]},"14":{"loc":{"start":{"line":110,"column":31},"end":{"line":110,"column":51}},"type":"default-arg","locations":[{"start":{"line":110,"column":41},"end":{"line":110,"column":51}}]},"15":{"loc":{"start":{"line":117,"column":32},"end":{"line":117,"column":53}},"type":"default-arg","locations":[{"start":{"line":117,"column":42},"end":{"line":117,"column":53}}]}},"s":{"0":3,"1":3,"2":3,"3":3,"4":3,"5":3,"6":3,"7":3,"8":8,"9":8,"10":8,"11":8,"12":8,"13":3,"14":0,"15":0,"16":0,"17":0,"18":0,"19":3,"20":3,"21":3,"22":0,"23":3,"24":3,"25":3,"26":0,"27":3,"28":3,"29":3,"30":3,"31":3,"32":1,"33":6,"34":0,"35":0,"36":3},"f":{"0":8,"1":3,"2":3,"3":1,"4":6,"5":0,"6":0},"b":{"0":[0],"1":[8],"2":[0],"3":[0,0,0,0],"4":[0,0],"5":[0,0],"6":[3],"7":[0],"8":[3],"9":[3,0],"10":[3,0],"11":[3,3],"12":[0],"13":[0],"14":[0],"15":[0]}}
,"/Users/hayoon/Desktop/codeit/5-sprint-mission-be/src/utils/formatters.ts": {"path":"/Users/hayoon/Desktop/codeit/5-sprint-mission-be/src/utils/formatters.ts","statementMap":{"0":{"start":{"line":4,"column":0},"end":{"line":4,"column":16}},"1":{"start":{"line":30,"column":0},"end":{"line":30,"column":16}},"2":{"start":{"line":54,"column":0},"end":{"line":54,"column":16}},"3":{"start":{"line":9,"column":2},"end":{"line":24,"column":4}},"4":{"start":{"line":35,"column":2},"end":{"line":48,"column":4}},"5":{"start":{"line":58,"column":2},"end":{"line":61,"column":6}},"6":{"start":{"line":58,"column":30},"end":{"line":61,"column":4}}},"fnMap":{"0":{"name":"createArticleResponseDto","decl":{"start":{"line":4,"column":16},"end":{"line":4,"column":40}},"loc":{"start":{"line":7,"column":29},"end":{"line":25,"column":1}}},"1":{"name":"createProductResponseDto","decl":{"start":{"line":30,"column":16},"end":{"line":30,"column":40}},"loc":{"start":{"line":33,"column":29},"end":{"line":49,"column":1}}},"2":{"name":"attachFavoriteStatus","decl":{"start":{"line":54,"column":16},"end":{"line":54,"column":36}},"loc":{"start":{"line":56,"column":51},"end":{"line":62,"column":1}}},"3":{"name":"(anonymous_3)","decl":{"start":{"line":58,"column":19},"end":{"line":58,"column":20}},"loc":{"start":{"line":58,"column":30},"end":{"line":61,"column":4}}}},"branchMap":{"0":{"loc":{"start":{"line":7,"column":2},"end":{"line":7,"column":29}},"type":"default-arg","locations":[{"start":{"line":7,"column":24},"end":{"line":7,"column":29}}]},"1":{"loc":{"start":{"line":15,"column":12},"end":{"line":20,"column":12}},"type":"cond-expr","locations":[{"start":{"line":16,"column":8},"end":{"line":19,"column":null}},{"start":{"line":20,"column":8},"end":{"line":20,"column":12}}]},"2":{"loc":{"start":{"line":18,"column":20},"end":{"line":18,"column":43}},"type":"binary-expr","locations":[{"start":{"line":18,"column":20},"end":{"line":18,"column":35}},{"start":{"line":18,"column":39},"end":{"line":18,"column":43}}]},"3":{"loc":{"start":{"line":33,"column":2},"end":{"line":33,"column":29}},"type":"default-arg","locations":[{"start":{"line":33,"column":24},"end":{"line":33,"column":29}}]},"4":{"loc":{"start":{"line":40,"column":10},"end":{"line":40,"column":28}},"type":"binary-expr","locations":[{"start":{"line":40,"column":10},"end":{"line":40,"column":22}},{"start":{"line":40,"column":26},"end":{"line":40,"column":28}}]},"5":{"loc":{"start":{"line":41,"column":12},"end":{"line":41,"column":32}},"type":"binary-expr","locations":[{"start":{"line":41,"column":12},"end":{"line":41,"column":26}},{"start":{"line":41,"column":30},"end":{"line":41,"column":32}}]},"6":{"loc":{"start":{"line":44,"column":19},"end":{"line":44,"column":45}},"type":"binary-expr","locations":[{"start":{"line":44,"column":19},"end":{"line":44,"column":40}},{"start":{"line":44,"column":44},"end":{"line":44,"column":45}}]},"7":{"loc":{"start":{"line":45,"column":13},"end":{"line":45,"column":53}},"type":"binary-expr","locations":[{"start":{"line":45,"column":13},"end":{"line":45,"column":22}},{"start":{"line":45,"column":26},"end":{"line":45,"column":40}},{"start":{"line":45,"column":44},"end":{"line":45,"column":53}}]},"8":{"loc":{"start":{"line":46,"column":19},"end":{"line":46,"column":52}},"type":"binary-expr","locations":[{"start":{"line":46,"column":19},"end":{"line":46,"column":34}},{"start":{"line":46,"column":38},"end":{"line":46,"column":52}}]}},"s":{"0":2,"1":2,"2":2,"3":0,"4":8,"5":0,"6":0},"f":{"0":0,"1":8,"2":0,"3":0},"b":{"0":[0],"1":[0,0],"2":[0,0],"3":[0],"4":[8,0],"5":[8,0],"6":[8,7],"7":[8,0,0],"8":[8,0]}}
,"/Users/hayoon/Desktop/codeit/5-sprint-mission-be/src/utils/prismaHelpers.ts": {"path":"/Users/hayoon/Desktop/codeit/5-sprint-mission-be/src/utils/prismaHelpers.ts","statementMap":{"0":{"start":{"line":16,"column":0},"end":{"line":16,"column":16}},"1":{"start":{"line":40,"column":0},"end":{"line":40,"column":16}},"2":{"start":{"line":20,"column":2},"end":{"line":22,"column":3}},"3":{"start":{"line":21,"column":4},"end":{"line":21,"column":14}},"4":{"start":{"line":24,"column":21},"end":{"line":29,"column":5}},"5":{"start":{"line":24,"column":44},"end":{"line":29,"column":4}},"6":{"start":{"line":31,"column":2},"end":{"line":31,"column":28}},"7":{"start":{"line":44,"column":21},"end":{"line":44,"column":38}},"8":{"start":{"line":45,"column":25},"end":{"line":45,"column":47}},"9":{"start":{"line":47,"column":15},"end":{"line":47,"column":48}},"10":{"start":{"line":48,"column":2},"end":{"line":51,"column":4}}},"fnMap":{"0":{"name":"createSearchCondition","decl":{"start":{"line":16,"column":16},"end":{"line":16,"column":37}},"loc":{"start":{"line":18,"column":14},"end":{"line":32,"column":1}}},"1":{"name":"(anonymous_1)","decl":{"start":{"line":24,"column":32},"end":{"line":24,"column":33}},"loc":{"start":{"line":24,"column":44},"end":{"line":29,"column":4}}},"2":{"name":"createPaginationParams","decl":{"start":{"line":40,"column":16},"end":{"line":40,"column":38}},"loc":{"start":{"line":42,"column":23},"end":{"line":52,"column":1}}}},"branchMap":{"0":{"loc":{"start":{"line":20,"column":2},"end":{"line":22,"column":3}},"type":"if","locations":[{"start":{"line":20,"column":2},"end":{"line":22,"column":3}}]},"1":{"loc":{"start":{"line":20,"column":6},"end":{"line":20,"column":48}},"type":"binary-expr","locations":[{"start":{"line":20,"column":6},"end":{"line":20,"column":14}},{"start":{"line":20,"column":18},"end":{"line":20,"column":25}},{"start":{"line":20,"column":29},"end":{"line":20,"column":48}}]},"2":{"loc":{"start":{"line":41,"column":2},"end":{"line":41,"column":18}},"type":"default-arg","locations":[{"start":{"line":41,"column":17},"end":{"line":41,"column":18}}]},"3":{"loc":{"start":{"line":42,"column":2},"end":{"line":42,"column":23}},"type":"default-arg","locations":[{"start":{"line":42,"column":21},"end":{"line":42,"column":23}}]},"4":{"loc":{"start":{"line":44,"column":21},"end":{"line":44,"column":38}},"type":"binary-expr","locations":[{"start":{"line":44,"column":21},"end":{"line":44,"column":33}},{"start":{"line":44,"column":37},"end":{"line":44,"column":38}}]},"5":{"loc":{"start":{"line":45,"column":25},"end":{"line":45,"column":47}},"type":"binary-expr","locations":[{"start":{"line":45,"column":25},"end":{"line":45,"column":41}},{"start":{"line":45,"column":45},"end":{"line":45,"column":47}}]}},"s":{"0":1,"1":1,"2":2,"3":1,"4":1,"5":2,"6":1,"7":2,"8":2,"9":2,"10":2},"f":{"0":2,"1":2,"2":2},"b":{"0":[1],"1":[2,1,1],"2":[0],"3":[0],"4":[2,0],"5":[2,0]}}
}
