TN:
SF:src/domains/articles/article.service.ts
FN:19,(anonymous_0)
FN:46,(anonymous_1)
FN:81,(anonymous_2)
FN:94,(anonymous_3)
FN:99,(anonymous_4)
FN:118,(anonymous_5)
FN:127,(anonymous_6)
FN:143,(anonymous_7)
FN:175,(anonymous_8)
FN:227,(anonymous_9)
FN:242,(anonymous_10)
FN:244,(anonymous_11)
FN:280,(anonymous_12)
FN:282,(anonymous_13)
FN:318,(anonymous_14)
FNF:15
FNH:11
FNDA:1,(anonymous_0)
FNDA:2,(anonymous_1)
FNDA:2,(anonymous_2)
FNDA:2,(anonymous_3)
FNDA:2,(anonymous_4)
FNDA:2,(anonymous_5)
FNDA:1,(anonymous_6)
FNDA:2,(anonymous_7)
FNDA:2,(anonymous_8)
FNDA:0,(anonymous_9)
FNDA:1,(anonymous_10)
FNDA:1,(anonymous_11)
FNDA:0,(anonymous_12)
FNDA:0,(anonymous_13)
FNDA:0,(anonymous_14)
DA:1,1
DA:2,1
DA:6,1
DA:10,1
DA:16,1
DA:19,1
DA:24,1
DA:34,1
DA:42,1
DA:46,1
DA:54,2
DA:55,2
DA:58,2
DA:65,2
DA:70,2
DA:73,2
DA:81,2
DA:82,2
DA:93,2
DA:94,2
DA:95,2
DA:99,2
DA:100,2
DA:101,2
DA:114,2
DA:115,1
DA:118,2
DA:126,1
DA:127,1
DA:129,1
DA:135,2
DA:136,2
DA:143,1
DA:144,2
DA:148,2
DA:151,1
DA:160,1
DA:161,1
DA:162,1
DA:168,1
DA:171,1
DA:175,1
DA:182,2
DA:187,2
DA:188,2
DA:191,0
DA:194,1
DA:203,1
DA:212,1
DA:213,1
DA:214,1
DA:220,1
DA:223,1
DA:227,1
DA:229,0
DA:234,0
DA:236,0
DA:242,1
DA:244,1
DA:246,1
DA:250,1
DA:253,1
DA:261,1
DA:267,1
DA:275,1
DA:280,1
DA:282,0
DA:284,0
DA:288,0
DA:291,0
DA:299,0
DA:305,0
DA:313,0
DA:318,1
DA:319,0
DA:326,0
DA:330,1
DA:331,1
DA:332,1
DA:333,1
DA:334,1
DA:335,1
DA:336,1
DA:337,1
LF:84
LH:71
BRDA:50,0,0,0
BRDA:51,1,0,0
BRDA:54,2,0,2
BRDA:54,2,1,0
BRDA:55,3,0,2
BRDA:55,3,1,0
BRDA:65,4,0,0
BRDA:65,4,1,2
BRDA:103,5,0,2
BRDA:103,5,1,0
BRDA:106,6,0,2
BRDA:106,6,1,0
BRDA:114,7,0,1
BRDA:143,8,0,1
BRDA:148,9,0,1
BRDA:161,10,0,1
BRDA:179,11,0,0
BRDA:187,12,0,2
BRDA:187,12,1,0
BRDA:213,13,0,1
BRF:20
BRH:11
end_of_record
TN:
SF:src/domains/auth/auth.controller.ts
FN:9,(anonymous_10)
FN:32,(anonymous_11)
FN:69,(anonymous_12)
FNF:3
FNH:3
FNDA:2,(anonymous_10)
FNDA:2,(anonymous_11)
FNDA:4,(anonymous_12)
DA:2,1
DA:3,1
DA:9,1
DA:10,2
DA:11,2
DA:14,2
DA:20,1
DA:25,1
DA:32,1
DA:33,2
DA:34,2
DA:37,2
DA:43,1
DA:49,1
DA:56,1
DA:69,1
DA:73,4
DA:74,4
DA:75,4
DA:77,4
DA:78,1
DA:79,1
DA:83,3
DA:88,2
DA:94,2
DA:100,1
LF:26
LH:26
BRDA:75,0,0,4
BRDA:75,0,1,2
BRDA:77,1,0,1
BRF:3
BRH:3
end_of_record
TN:
SF:src/domains/auth/auth.service.ts
FN:42,(anonymous_1)
FN:75,(anonymous_2)
FN:125,(anonymous_3)
FNF:3
FNH:3
FNDA:2,(anonymous_1)
FNDA:3,(anonymous_2)
FNDA:6,(anonymous_3)
DA:1,2
DA:2,2
DA:3,2
DA:5,2
DA:11,2
DA:42,2
DA:43,2
DA:46,2
DA:50,2
DA:51,1
DA:55,1
DA:56,1
DA:59,1
DA:68,1
DA:69,1
DA:75,2
DA:78,3
DA:81,3
DA:85,3
DA:86,1
DA:90,2
DA:95,2
DA:96,1
DA:100,1
DA:106,1
DA:113,1
DA:115,1
DA:125,2
DA:128,6
DA:129,1
DA:132,5
DA:134,5
DA:139,3
DA:140,1
DA:144,2
DA:148,2
DA:149,1
DA:153,1
DA:160,1
DA:166,1
DA:168,4
DA:169,4
DA:173,2
DA:176,2
LF:44
LH:44
BRDA:50,0,0,1
BRDA:85,1,0,1
BRDA:95,2,0,1
BRDA:128,3,0,1
BRDA:139,4,0,1
BRDA:148,5,0,1
BRDA:168,6,0,4
BRDA:169,7,0,2
BRDA:170,8,0,4
BRDA:170,8,1,3
BRF:10
BRH:10
end_of_record
TN:
SF:src/domains/comments/comment.service.ts
FN:22,(anonymous_0)
FN:56,(anonymous_1)
FN:90,(anonymous_2)
FN:140,(anonymous_3)
FN:190,(anonymous_4)
FN:225,(anonymous_5)
FNF:6
FNH:4
FNDA:2,(anonymous_0)
FNDA:0,(anonymous_1)
FNDA:2,(anonymous_2)
FNDA:0,(anonymous_3)
FNDA:2,(anonymous_4)
FNDA:2,(anonymous_5)
DA:1,1
DA:2,1
DA:4,1
DA:22,1
DA:27,2
DA:31,2
DA:32,1
DA:35,1
DA:56,1
DA:61,0
DA:65,0
DA:66,0
DA:69,0
DA:90,1
DA:95,2
DA:99,2
DA:100,0
DA:103,2
DA:131,2
DA:132,2
DA:134,2
DA:140,1
DA:145,0
DA:149,0
DA:150,0
DA:153,0
DA:181,0
DA:182,0
DA:184,0
DA:190,1
DA:195,2
DA:199,2
DA:200,0
DA:203,2
DA:204,1
DA:207,1
DA:225,1
DA:229,2
DA:233,2
DA:234,1
DA:237,1
DA:238,0
DA:241,1
LF:43
LH:29
BRDA:31,0,0,1
BRDA:65,1,0,0
BRDA:93,2,0,0
BRDA:99,3,0,0
BRDA:111,4,0,2
BRDA:111,4,1,1
BRDA:132,5,0,1
BRDA:132,5,1,1
BRDA:132,6,0,1
BRDA:132,6,1,0
BRDA:143,7,0,0
BRDA:149,8,0,0
BRDA:161,9,0,0
BRDA:161,9,1,0
BRDA:182,10,0,0
BRDA:182,10,1,0
BRDA:182,11,0,0
BRDA:182,11,1,0
BRDA:199,12,0,0
BRDA:203,13,0,1
BRDA:233,14,0,1
BRDA:237,15,0,0
BRF:22
BRH:8
end_of_record
TN:
SF:src/domains/products/product.service.ts
FN:10,(anonymous_0)
FN:52,(anonymous_1)
FN:97,(anonymous_2)
FN:98,(anonymous_3)
FN:117,(anonymous_4)
FN:126,(anonymous_5)
FN:148,(anonymous_6)
FN:155,(anonymous_7)
FN:170,(anonymous_8)
FN:231,(anonymous_9)
FN:316,(anonymous_10)
FN:375,(anonymous_11)
FN:380,(anonymous_12)
FN:427,(anonymous_13)
FN:432,(anonymous_14)
FN:479,(anonymous_15)
FNF:16
FNH:14
FNDA:2,(anonymous_0)
FNDA:1,(anonymous_1)
FNDA:1,(anonymous_2)
FNDA:1,(anonymous_3)
FNDA:1,(anonymous_4)
FNDA:1,(anonymous_5)
FNDA:0,(anonymous_6)
FNDA:0,(anonymous_7)
FNDA:3,(anonymous_8)
FNDA:2,(anonymous_9)
FNDA:3,(anonymous_10)
FNDA:1,(anonymous_11)
FNDA:1,(anonymous_12)
FNDA:1,(anonymous_13)
FNDA:1,(anonymous_14)
FNDA:2,(anonymous_15)
DA:1,1
DA:3,1
DA:8,1
DA:10,1
DA:18,2
DA:21,2
DA:29,2
DA:30,1
DA:33,1
DA:36,1
DA:49,1
DA:52,1
DA:61,1
DA:66,1
DA:67,1
DA:68,0
DA:74,1
DA:94,1
DA:97,1
DA:98,1
DA:102,1
DA:105,1
DA:115,1
DA:118,1
DA:119,1
DA:123,1
DA:126,1
DA:129,1
DA:136,1
DA:140,1
DA:144,1
DA:145,0
DA:148,0
DA:155,0
DA:156,0
DA:162,1
DA:164,1
DA:170,1
DA:174,3
DA:190,3
DA:192,2
DA:194,2
DA:197,2
DA:199,2
DA:208,2
DA:209,2
DA:212,0
DA:216,2
DA:217,2
DA:218,1
DA:224,1
DA:228,2
DA:231,1
DA:240,2
DA:243,2
DA:259,2
DA:260,0
DA:263,2
DA:264,2
DA:272,2
DA:273,1
DA:277,1
DA:292,1
DA:301,1
DA:304,1
DA:310,1
DA:313,1
DA:316,1
DA:321,3
DA:337,3
DA:338,1
DA:341,2
DA:349,2
DA:350,1
DA:354,1
DA:363,1
DA:366,1
DA:371,1
DA:375,1
DA:380,1
DA:382,1
DA:390,1
DA:408,1
DA:417,1
DA:422,1
DA:427,1
DA:432,1
DA:434,1
DA:442,1
DA:460,1
DA:469,1
DA:474,1
DA:479,1
DA:483,2
DA:490,2
DA:494,1
DA:495,1
DA:496,1
DA:497,1
DA:498,1
DA:499,1
DA:500,1
DA:501,1
LF:103
LH:96
BRDA:29,0,0,1
BRDA:53,1,0,0
BRDA:54,2,0,0
BRDA:55,3,0,0
BRDA:57,4,0,1
BRDA:61,5,0,1
BRDA:61,5,1,0
BRDA:67,6,0,0
BRDA:98,7,0,1
BRDA:98,7,1,1
BRDA:129,8,0,1
BRDA:129,8,1,0
BRDA:129,9,0,1
BRDA:129,9,1,1
BRDA:129,9,2,1
BRDA:136,10,0,1
BRDA:136,10,1,0
BRDA:136,11,0,1
BRDA:136,11,1,1
BRDA:144,12,0,0
BRDA:172,13,0,2
BRDA:190,14,0,1
BRDA:197,15,0,2
BRDA:197,15,1,0
BRDA:197,16,0,2
BRDA:197,16,1,2
BRDA:208,17,0,2
BRDA:217,18,0,1
BRDA:259,19,0,0
BRDA:272,20,0,1
BRDA:272,21,0,2
BRDA:272,21,1,1
BRDA:287,22,0,0
BRDA:287,22,1,1
BRDA:301,23,0,1
BRDA:301,23,1,0
BRDA:337,24,0,1
BRDA:349,25,0,1
BRDA:349,26,0,2
BRDA:349,26,1,1
BRDA:363,27,0,1
BRDA:363,27,1,0
BRDA:417,28,0,1
BRDA:417,28,1,0
BRDA:469,29,0,1
BRDA:469,29,1,0
BRF:46
BRH:31
end_of_record
TN:
SF:src/utils/authHelpers.ts
FN:15,checkAuthenticated
FN:28,checkOwnership
FN:44,checkResourceExists
FN:61,verifyPermission
FNF:4
FNH:4
FNDA:1,checkAuthenticated
FNDA:1,checkOwnership
FNDA:2,checkResourceExists
FNDA:1,verifyPermission
DA:4,1
DA:15,1
DA:16,1
DA:17,0
DA:28,1
DA:33,1
DA:34,0
DA:44,1
DA:48,2
DA:49,0
DA:61,1
DA:68,1
DA:71,1
DA:74,1
LF:14
LH:11
BRDA:16,0,0,0
BRDA:31,1,0,0
BRDA:33,2,0,0
BRDA:46,3,0,0
BRDA:48,4,0,0
BRDA:64,5,0,0
BRDA:65,6,0,0
BRF:7
BRH:0
end_of_record
TN:
SF:src/utils/errorHandler.ts
FN:11,createError
FN:25,handlePrismaError
FN:73,handleError
FN:94,notFoundError
FN:103,unauthorizedError
FN:110,forbiddenError
FN:117,badRequestError
FNF:7
FNH:5
FNDA:8,createError
FNDA:3,handlePrismaError
FNDA:3,handleError
FNDA:1,notFoundError
FNDA:6,unauthorizedError
FNDA:0,forbiddenError
FNDA:0,badRequestError
DA:2,3
DA:11,3
DA:16,8
DA:17,8
DA:18,8
DA:19,8
DA:25,3
DA:26,3
DA:28,0
DA:30,0
DA:36,0
DA:42,0
DA:48,0
DA:57,3
DA:58,3
DA:59,3
DA:61,3
DA:62,3
DA:63,3
DA:67,0
DA:73,3
DA:74,3
DA:77,3
DA:78,3
DA:79,3
DA:88,3
DA:94,3
DA:97,1
DA:103,3
DA:104,6
DA:110,3
DA:111,0
DA:117,3
DA:118,0
DA:121,3
LF:35
LH:27
BRDA:13,0,0,0
BRDA:18,1,0,8
BRDA:26,2,0,0
BRDA:28,3,0,0
BRDA:28,3,1,0
BRDA:28,3,2,0
BRDA:28,3,3,0
BRDA:31,4,0,0
BRDA:31,4,1,0
BRDA:37,5,0,0
BRDA:37,5,1,0
BRDA:57,6,0,3
BRDA:59,7,0,0
BRDA:77,8,0,3
BRDA:78,9,0,3
BRDA:78,9,1,0
BRDA:82,10,0,3
BRDA:82,10,1,0
BRDA:83,11,0,3
BRDA:83,11,1,3
BRDA:95,12,0,0
BRDA:103,13,0,0
BRDA:110,14,0,0
BRDA:117,15,0,0
BRF:24
BRH:7
end_of_record
TN:
SF:src/utils/formatters.ts
FN:4,createArticleResponseDto
FN:30,createProductResponseDto
FN:54,attachFavoriteStatus
FN:58,(anonymous_3)
FNF:4
FNH:1
FNDA:0,createArticleResponseDto
FNDA:8,createProductResponseDto
FNDA:0,attachFavoriteStatus
FNDA:0,(anonymous_3)
DA:4,2
DA:9,0
DA:30,2
DA:35,8
DA:54,2
DA:58,0
LF:6
LH:4
BRDA:7,0,0,0
BRDA:15,1,0,0
BRDA:15,1,1,0
BRDA:18,2,0,0
BRDA:18,2,1,0
BRDA:33,3,0,0
BRDA:40,4,0,8
BRDA:40,4,1,0
BRDA:41,5,0,8
BRDA:41,5,1,0
BRDA:44,6,0,8
BRDA:44,6,1,7
BRDA:45,7,0,8
BRDA:45,7,1,0
BRDA:45,7,2,0
BRDA:46,8,0,8
BRDA:46,8,1,0
BRF:17
BRH:6
end_of_record
TN:
SF:src/utils/prismaHelpers.ts
FN:16,createSearchCondition
FN:24,(anonymous_1)
FN:40,createPaginationParams
FNF:3
FNH:3
FNDA:2,createSearchCondition
FNDA:2,(anonymous_1)
FNDA:2,createPaginationParams
DA:16,1
DA:20,2
DA:21,1
DA:24,2
DA:31,1
DA:40,1
DA:44,2
DA:45,2
DA:47,2
DA:48,2
LF:10
LH:10
BRDA:20,0,0,1
BRDA:20,1,0,2
BRDA:20,1,1,1
BRDA:20,1,2,1
BRDA:41,2,0,0
BRDA:42,3,0,0
BRDA:44,4,0,2
BRDA:44,4,1,0
BRDA:45,5,0,2
BRDA:45,5,1,0
BRF:10
BRH:6
end_of_record
